# JRE version: Java(TM) SE Runtime Environment (11.0.2+9) (build 11.0.2+9-LTS)
# Java VM: Java HotSpot(TM) 64-Bit Server VM (11.0.2+9-LTS, mixed mode, tiered, compressed oops, g1 gc, windows-amd64)
Heap:
 garbage-first heap   total 131072K, used 73786K [0x0000000081400000, 0x0000000100000000)
  region size 1024K, 63 young (64512K), 4 survivors (4096K)
 Metaspace       used 32487K, capacity 33040K, committed 33152K, reserved 1079296K
  class space    used 3599K, capacity 3869K, committed 3968K, reserved 1048576K
GC Heap History (10 events):
Event: 0.734 GC heap before
{Heap before GC invocations=0 (full 0):
 garbage-first heap   total 131072K, used 13312K [0x0000000081400000, 0x0000000100000000)
  region size 1024K, 14 young (14336K), 0 survivors (0K)
 Metaspace       used 17973K, capacity 18379K, committed 18560K, reserved 1064960K
  class space    used 1968K, capacity 2157K, committed 2176K, reserved 1048576K
}
Event: 0.740 GC heap after
{Heap after GC invocations=1 (full 0):
 garbage-first heap   total 131072K, used 3664K [0x0000000081400000, 0x0000000100000000)
  region size 1024K, 2 young (2048K), 2 survivors (2048K)
 Metaspace       used 17973K, capacity 18379K, committed 18560K, reserved 1064960K
  class space    used 1968K, capacity 2157K, committed 2176K, reserved 1048576K
}
Event: 0.898 GC heap before
{Heap before GC invocations=1 (full 0):
 garbage-first heap   total 131072K, used 7760K [0x0000000081400000, 0x0000000100000000)
  region size 1024K, 7 young (7168K), 2 survivors (2048K)
 Metaspace       used 20757K, capacity 21187K, committed 21248K, reserved 1069056K
  class space    used 2303K, capacity 2517K, committed 2560K, reserved 1048576K
}
Event: 0.903 GC heap after
{Heap after GC invocations=2 (full 0):
 garbage-first heap   total 131072K, used 4865K [0x0000000081400000, 0x0000000100000000)
  region size 1024K, 4 young (4096K), 4 survivors (4096K)
 Metaspace       used 20757K, capacity 21187K, committed 21248K, reserved 1069056K
  class space    used 2303K, capacity 2517K, committed 2560K, reserved 1048576K
}
Event: 1.331 GC heap before
{Heap before GC invocations=3 (full 0):
 garbage-first heap   total 131072K, used 16129K [0x0000000081400000, 0x0000000100000000)
  region size 1024K, 15 young (15360K), 4 survivors (4096K)
 Metaspace       used 24753K, capacity 25250K, committed 25344K, reserved 1071104K
  class space    used 2819K, capacity 3042K, committed 3072K, reserved 1048576K
}
Event: 1.337 GC heap after
{Heap after GC invocations=4 (full 0):
 garbage-first heap   total 131072K, used 6966K [0x0000000081400000, 0x0000000100000000)
  region size 1024K, 2 young (2048K), 2 survivors (2048K)
 Metaspace       used 24753K, capacity 25250K, committed 25344K, reserved 1071104K
  class space    used 2819K, capacity 3042K, committed 3072K, reserved 1048576K
}
Event: 1.753 GC heap before
{Heap before GC invocations=4 (full 0):
 garbage-first heap   total 131072K, used 50998K [0x0000000081400000, 0x0000000100000000)
  region size 1024K, 45 young (46080K), 2 survivors (2048K)
 Metaspace       used 25974K, capacity 26435K, committed 26496K, reserved 1073152K
  class space    used 2955K, capacity 3179K, committed 3200K, reserved 1048576K
}
Event: 1.756 GC heap after
{Heap after GC invocations=5 (full 0):
 garbage-first heap   total 131072K, used 8194K [0x0000000081400000, 0x0000000100000000)
  region size 1024K, 4 young (4096K), 4 survivors (4096K)
 Metaspace       used 25974K, capacity 26435K, committed 26496K, reserved 1073152K
  class space    used 2955K, capacity 3179K, committed 3200K, reserved 1048576K
}
Event: 1.939 GC heap before
{Heap before GC invocations=5 (full 0):
 garbage-first heap   total 131072K, used 66562K [0x0000000081400000, 0x0000000100000000)
  region size 1024K, 61 young (62464K), 4 survivors (4096K)
 Metaspace       used 26035K, capacity 26509K, committed 26752K, reserved 1073152K
  class space    used 2957K, capacity 3181K, committed 3200K, reserved 1048576K
}
Event: 1.943 GC heap after
{Heap after GC invocations=6 (full 0):
 garbage-first heap   total 131072K, used 8250K [0x0000000081400000, 0x0000000100000000)
  region size 1024K, 4 young (4096K), 4 survivors (4096K)
 Metaspace       used 26035K, capacity 26509K, committed 26752K, reserved 1073152K
  class space    used 2957K, capacity 3181K, committed 3200K, reserved 1048576K
}

