# JRE version: Java(TM) SE Runtime Environment (11.0.2+9) (build 11.0.2+9-LTS)
# Java VM: Java HotSpot(TM) 64-Bit Server VM (11.0.2+9-LTS, mixed mode, tiered, compressed oops, g1 gc, windows-amd64)
Heap:
 garbage-first heap   total 157696K, used 54802K [0x0000000081400000, 0x0000000100000000)
  region size 1024K, 41 young (41984K), 1 survivors (1024K)
 Metaspace       used 32532K, capacity 33104K, committed 33408K, reserved 1079296K
  class space    used 3606K, capacity 3869K, committed 3968K, reserved 1048576K
GC Heap History (10 events):
Event: 1.020 GC heap before
{Heap before GC invocations=1 (full 0):
 garbage-first heap   total 131072K, used 8018K [0x0000000081400000, 0x0000000100000000)
  region size 1024K, 6 young (6144K), 2 survivors (2048K)
 Metaspace       used 20745K, capacity 21187K, committed 21248K, reserved 1069056K
  class space    used 2300K, capacity 2517K, committed 2560K, reserved 1048576K
}
Event: 1.025 GC heap after
{Heap after GC invocations=2 (full 0):
 garbage-first heap   total 131072K, used 5016K [0x0000000081400000, 0x0000000100000000)
  region size 1024K, 1 young (1024K), 1 survivors (1024K)
 Metaspace       used 20745K, capacity 21187K, committed 21248K, reserved 1069056K
  class space    used 2300K, capacity 2517K, committed 2560K, reserved 1048576K
}
Event: 1.031 GC heap before
{Heap before GC invocations=2 (full 0):
 garbage-first heap   total 131072K, used 5016K [0x0000000081400000, 0x0000000100000000)
  region size 1024K, 2 young (2048K), 1 survivors (1024K)
 Metaspace       used 20754K, capacity 21187K, committed 21248K, reserved 1069056K
  class space    used 2300K, capacity 2517K, committed 2560K, reserved 1048576K
}
Event: 1.035 GC heap after
{Heap after GC invocations=3 (full 0):
 garbage-first heap   total 131072K, used 4932K [0x0000000081400000, 0x0000000100000000)
  region size 1024K, 1 young (1024K), 1 survivors (1024K)
 Metaspace       used 20754K, capacity 21187K, committed 21248K, reserved 1069056K
  class space    used 2300K, capacity 2517K, committed 2560K, reserved 1048576K
}
Event: 1.726 GC heap before
{Heap before GC invocations=4 (full 0):
 garbage-first heap   total 131072K, used 32580K [0x0000000081400000, 0x0000000100000000)
  region size 1024K, 28 young (28672K), 1 survivors (1024K)
 Metaspace       used 25934K, capacity 26429K, committed 26496K, reserved 1073152K
  class space    used 2952K, capacity 3178K, committed 3200K, reserved 1048576K
}
Event: 1.731 GC heap after
{Heap after GC invocations=5 (full 0):
 garbage-first heap   total 131072K, used 8272K [0x0000000081400000, 0x0000000100000000)
  region size 1024K, 4 young (4096K), 4 survivors (4096K)
 Metaspace       used 25934K, capacity 26429K, committed 26496K, reserved 1073152K
  class space    used 2952K, capacity 3178K, committed 3200K, reserved 1048576K
}
Event: 1.966 GC heap before
{Heap before GC invocations=5 (full 0):
 garbage-first heap   total 131072K, used 49232K [0x0000000081400000, 0x0000000100000000)
  region size 1024K, 44 young (45056K), 4 survivors (4096K)
 Metaspace       used 26062K, capacity 26563K, committed 26752K, reserved 1073152K
  class space    used 2955K, capacity 3179K, committed 3200K, reserved 1048576K
}
Event: 1.971 GC heap after
{Heap after GC invocations=6 (full 0):
 garbage-first heap   total 157696K, used 8858K [0x0000000081400000, 0x0000000100000000)
  region size 1024K, 1 young (1024K), 1 survivors (1024K)
 Metaspace       used 26062K, capacity 26563K, committed 26752K, reserved 1073152K
  class space    used 2955K, capacity 3179K, committed 3200K, reserved 1048576K
}
Event: 2.135 GC heap before
{Heap before GC invocations=6 (full 0):
 garbage-first heap   total 157696K, used 70298K [0x0000000081400000, 0x0000000100000000)
  region size 1024K, 61 young (62464K), 1 survivors (1024K)
 Metaspace       used 26081K, capacity 26573K, committed 26752K, reserved 1073152K
  class space    used 2957K, capacity 3181K, committed 3200K, reserved 1048576K
}
Event: 2.135 GC heap after
{Heap after GC invocations=7 (full 0):
 garbage-first heap   total 157696K, used 8722K [0x0000000081400000, 0x0000000100000000)
  region size 1024K, 1 young (1024K), 1 survivors (1024K)
 Metaspace       used 26081K, capacity 26573K, committed 26752K, reserved 1073152K
  class space    used 2957K, capacity 3181K, committed 3200K, reserved 1048576K
}

