# JRE version: Java(TM) SE Runtime Environment (11.0.2+9) (build 11.0.2+9-LTS)
# Java VM: Java HotSpot(TM) 64-Bit Server VM (11.0.2+9-LTS, mixed mode, tiered, compressed oops, g1 gc, windows-amd64)
Heap:
 garbage-first heap   total 157696K, used 78955K [0x0000000081400000, 0x0000000100000000)
  region size 1024K, 68 young (69632K), 4 survivors (4096K)
 Metaspace       used 32375K, capacity 32976K, committed 33152K, reserved 1079296K
  class space    used 3597K, capacity 3869K, committed 3968K, reserved 1048576K
GC Heap History (10 events):
Event: 0.700 GC heap before
{Heap before GC invocations=0 (full 0):
 garbage-first heap   total 131072K, used 13312K [0x0000000081400000, 0x0000000100000000)
  region size 1024K, 14 young (14336K), 0 survivors (0K)
 Metaspace       used 18516K, capacity 18891K, committed 19200K, reserved 1067008K
  class space    used 2045K, capacity 2221K, committed 2304K, reserved 1048576K
}
Event: 0.705 GC heap after
{Heap after GC invocations=1 (full 0):
 garbage-first heap   total 131072K, used 3869K [0x0000000081400000, 0x0000000100000000)
  region size 1024K, 2 young (2048K), 2 survivors (2048K)
 Metaspace       used 18516K, capacity 18891K, committed 19200K, reserved 1067008K
  class space    used 2045K, capacity 2221K, committed 2304K, reserved 1048576K
}
Event: 0.837 GC heap before
{Heap before GC invocations=1 (full 0):
 garbage-first heap   total 131072K, used 7965K [0x0000000081400000, 0x0000000100000000)
  region size 1024K, 7 young (7168K), 2 survivors (2048K)
 Metaspace       used 20755K, capacity 21187K, committed 21248K, reserved 1069056K
  class space    used 2302K, capacity 2517K, committed 2560K, reserved 1048576K
}
Event: 0.842 GC heap after
{Heap after GC invocations=2 (full 0):
 garbage-first heap   total 131072K, used 4982K [0x0000000081400000, 0x0000000100000000)
  region size 1024K, 4 young (4096K), 4 survivors (4096K)
 Metaspace       used 20755K, capacity 21187K, committed 21248K, reserved 1069056K
  class space    used 2302K, capacity 2517K, committed 2560K, reserved 1048576K
}
Event: 1.075 GC heap before
{Heap before GC invocations=3 (full 0):
 garbage-first heap   total 131072K, used 12150K [0x0000000081400000, 0x0000000100000000)
  region size 1024K, 11 young (11264K), 4 survivors (4096K)
 Metaspace       used 24035K, capacity 24482K, committed 24704K, reserved 1071104K
  class space    used 2690K, capacity 2914K, committed 2944K, reserved 1048576K
}
Event: 1.082 GC heap after
{Heap after GC invocations=4 (full 0):
 garbage-first heap   total 131072K, used 6251K [0x0000000081400000, 0x0000000100000000)
  region size 1024K, 2 young (2048K), 2 survivors (2048K)
 Metaspace       used 24035K, capacity 24482K, committed 24704K, reserved 1071104K
  class space    used 2690K, capacity 2914K, committed 2944K, reserved 1048576K
}
Event: 1.589 GC heap before
{Heap before GC invocations=4 (full 0):
 garbage-first heap   total 131072K, used 48235K [0x0000000081400000, 0x0000000100000000)
  region size 1024K, 43 young (44032K), 2 survivors (2048K)
 Metaspace       used 25919K, capacity 26429K, committed 26496K, reserved 1073152K
  class space    used 2952K, capacity 3178K, committed 3200K, reserved 1048576K
}
Event: 1.594 GC heap after
{Heap after GC invocations=5 (full 0):
 garbage-first heap   total 131072K, used 8086K [0x0000000081400000, 0x0000000100000000)
  region size 1024K, 4 young (4096K), 4 survivors (4096K)
 Metaspace       used 25919K, capacity 26429K, committed 26496K, reserved 1073152K
  class space    used 2952K, capacity 3178K, committed 3200K, reserved 1048576K
}
Event: 1.796 GC heap before
{Heap before GC invocations=5 (full 0):
 garbage-first heap   total 131072K, used 64406K [0x0000000081400000, 0x0000000100000000)
  region size 1024K, 59 young (60416K), 4 survivors (4096K)
 Metaspace       used 26014K, capacity 26505K, committed 26752K, reserved 1073152K
  class space    used 2956K, capacity 3180K, committed 3200K, reserved 1048576K
}
Event: 1.801 GC heap after
{Heap after GC invocations=6 (full 0):
 garbage-first heap   total 157696K, used 8299K [0x0000000081400000, 0x0000000100000000)
  region size 1024K, 4 young (4096K), 4 survivors (4096K)
 Metaspace       used 26014K, capacity 26505K, committed 26752K, reserved 1073152K
  class space    used 2956K, capacity 3180K, committed 3200K, reserved 1048576K
}

