# JRE version: Java(TM) SE Runtime Environment (11.0.2+9) (build 11.0.2+9-LTS)
# Java VM: Java HotSpot(TM) 64-Bit Server VM (11.0.2+9-LTS, mixed mode, tiered, compressed oops, g1 gc, windows-amd64)
Heap:
 garbage-first heap   total 137216K, used 51941K [0x0000000081400000, 0x0000000100000000)
  region size 1024K, 32 young (32768K), 6 survivors (6144K)
 Metaspace       used 33351K, capacity 33919K, committed 34176K, reserved 1079296K
  class space    used 3643K, capacity 3904K, committed 3968K, reserved 1048576K
GC Heap History (10 events):
Event: 2.142 GC heap before
{Heap before GC invocations=1 (full 0):
 garbage-first heap   total 131072K, used 7847K [0x0000000081400000, 0x0000000100000000)
  region size 1024K, 6 young (6144K), 2 survivors (2048K)
 Metaspace       used 20610K, capacity 21030K, committed 21248K, reserved 1069056K
  class space    used 2289K, capacity 2485K, committed 2560K, reserved 1048576K
}
Event: 2.146 GC heap after
{Heap after GC invocations=2 (full 0):
 garbage-first heap   total 131072K, used 4626K [0x0000000081400000, 0x0000000100000000)
  region size 1024K, 1 young (1024K), 1 survivors (1024K)
 Metaspace       used 20610K, capacity 21030K, committed 21248K, reserved 1069056K
  class space    used 2289K, capacity 2485K, committed 2560K, reserved 1048576K
}
Event: 2.189 GC heap before
{Heap before GC invocations=2 (full 0):
 garbage-first heap   total 131072K, used 4626K [0x0000000081400000, 0x0000000100000000)
  region size 1024K, 2 young (2048K), 1 survivors (1024K)
 Metaspace       used 20753K, capacity 21159K, committed 21248K, reserved 1069056K
  class space    used 2294K, capacity 2485K, committed 2560K, reserved 1048576K
}
Event: 2.192 GC heap after
{Heap after GC invocations=3 (full 0):
 garbage-first heap   total 131072K, used 4905K [0x0000000081400000, 0x0000000100000000)
  region size 1024K, 2 young (2048K), 2 survivors (2048K)
 Metaspace       used 20753K, capacity 21159K, committed 21248K, reserved 1069056K
  class space    used 2294K, capacity 2485K, committed 2560K, reserved 1048576K
}
Event: 2.895 GC heap before
{Heap before GC invocations=4 (full 0):
 garbage-first heap   total 131072K, used 31529K [0x0000000081400000, 0x0000000100000000)
  region size 1024K, 29 young (29696K), 2 survivors (2048K)
 Metaspace       used 25843K, capacity 26305K, committed 26496K, reserved 1073152K
  class space    used 2944K, capacity 3178K, committed 3200K, reserved 1048576K
}
Event: 2.899 GC heap after
{Heap after GC invocations=5 (full 0):
 garbage-first heap   total 131072K, used 7909K [0x0000000081400000, 0x0000000100000000)
  region size 1024K, 4 young (4096K), 4 survivors (4096K)
 Metaspace       used 25843K, capacity 26305K, committed 26496K, reserved 1073152K
  class space    used 2944K, capacity 3178K, committed 3200K, reserved 1048576K
}
Event: 3.374 GC heap before
{Heap before GC invocations=5 (full 0):
 garbage-first heap   total 131072K, used 81637K [0x0000000081400000, 0x0000000100000000)
  region size 1024K, 76 young (77824K), 4 survivors (4096K)
 Metaspace       used 25975K, capacity 26445K, committed 26496K, reserved 1073152K
  class space    used 2948K, capacity 3180K, committed 3200K, reserved 1048576K
}
Event: 3.378 GC heap after
{Heap after GC invocations=6 (full 0):
 garbage-first heap   total 131072K, used 8355K [0x0000000081400000, 0x0000000100000000)
  region size 1024K, 5 young (5120K), 5 survivors (5120K)
 Metaspace       used 25975K, capacity 26445K, committed 26496K, reserved 1073152K
  class space    used 2948K, capacity 3180K, committed 3200K, reserved 1048576K
}
Event: 24.270 GC heap before
{Heap before GC invocations=6 (full 0):
 garbage-first heap   total 131072K, used 130211K [0x0000000081400000, 0x0000000100000000)
  region size 1024K, 74 young (75776K), 5 survivors (5120K)
 Metaspace       used 32729K, capacity 33337K, committed 33408K, reserved 1079296K
  class space    used 3631K, capacity 3903K, committed 3968K, reserved 1048576K
}
Event: 24.275 GC heap after
{Heap after GC invocations=7 (full 0):
 garbage-first heap   total 137216K, used 9957K [0x0000000081400000, 0x0000000100000000)
  region size 1024K, 6 young (6144K), 6 survivors (6144K)
 Metaspace       used 32729K, capacity 33337K, committed 33408K, reserved 1079296K
  class space    used 3631K, capacity 3903K, committed 3968K, reserved 1048576K
}

