# JRE version: Java(TM) SE Runtime Environment (11.0.2+9) (build 11.0.2+9-LTS)
# Java VM: Java HotSpot(TM) 64-Bit Server VM (11.0.2+9-LTS, mixed mode, tiered, compressed oops, g1 gc, windows-amd64)
Heap:
 garbage-first heap   total 157696K, used 56280K [0x0000000081400000, 0x0000000100000000)
  region size 1024K, 43 young (44032K), 1 survivors (1024K)
 Metaspace       used 32384K, capacity 32979K, committed 33152K, reserved 1079296K
  class space    used 3587K, capacity 3870K, committed 3968K, reserved 1048576K
GC Heap History (10 events):
Event: 1.013 GC heap before
{Heap before GC invocations=1 (full 0):
 garbage-first heap   total 131072K, used 7982K [0x0000000081400000, 0x0000000100000000)
  region size 1024K, 6 young (6144K), 2 survivors (2048K)
 Metaspace       used 20712K, capacity 21183K, committed 21248K, reserved 1069056K
  class space    used 2300K, capacity 2517K, committed 2560K, reserved 1048576K
}
Event: 1.017 GC heap after
{Heap after GC invocations=2 (full 0):
 garbage-first heap   total 131072K, used 4876K [0x0000000081400000, 0x0000000100000000)
  region size 1024K, 1 young (1024K), 1 survivors (1024K)
 Metaspace       used 20712K, capacity 21183K, committed 21248K, reserved 1069056K
  class space    used 2300K, capacity 2517K, committed 2560K, reserved 1048576K
}
Event: 1.031 GC heap before
{Heap before GC invocations=2 (full 0):
 garbage-first heap   total 131072K, used 4876K [0x0000000081400000, 0x0000000100000000)
  region size 1024K, 2 young (2048K), 1 survivors (1024K)
 Metaspace       used 20751K, capacity 21183K, committed 21248K, reserved 1069056K
  class space    used 2300K, capacity 2517K, committed 2560K, reserved 1048576K
}
Event: 1.034 GC heap after
{Heap after GC invocations=3 (full 0):
 garbage-first heap   total 131072K, used 4965K [0x0000000081400000, 0x0000000100000000)
  region size 1024K, 1 young (1024K), 1 survivors (1024K)
 Metaspace       used 20751K, capacity 21183K, committed 21248K, reserved 1069056K
  class space    used 2300K, capacity 2517K, committed 2560K, reserved 1048576K
}
Event: 1.928 GC heap before
{Heap before GC invocations=4 (full 0):
 garbage-first heap   total 131072K, used 31589K [0x0000000081400000, 0x0000000100000000)
  region size 1024K, 27 young (27648K), 1 survivors (1024K)
 Metaspace       used 25927K, capacity 26429K, committed 26496K, reserved 1073152K
  class space    used 2952K, capacity 3178K, committed 3200K, reserved 1048576K
}
Event: 1.934 GC heap after
{Heap after GC invocations=5 (full 0):
 garbage-first heap   total 131072K, used 8034K [0x0000000081400000, 0x0000000100000000)
  region size 1024K, 4 young (4096K), 4 survivors (4096K)
 Metaspace       used 25927K, capacity 26429K, committed 26496K, reserved 1073152K
  class space    used 2952K, capacity 3178K, committed 3200K, reserved 1048576K
}
Event: 2.190 GC heap before
{Heap before GC invocations=5 (full 0):
 garbage-first heap   total 131072K, used 48994K [0x0000000081400000, 0x0000000100000000)
  region size 1024K, 44 young (45056K), 4 survivors (4096K)
 Metaspace       used 26052K, capacity 26499K, committed 26752K, reserved 1073152K
  class space    used 2956K, capacity 3179K, committed 3200K, reserved 1048576K
}
Event: 2.196 GC heap after
{Heap after GC invocations=6 (full 0):
 garbage-first heap   total 157696K, used 8577K [0x0000000081400000, 0x0000000100000000)
  region size 1024K, 1 young (1024K), 1 survivors (1024K)
 Metaspace       used 26052K, capacity 26499K, committed 26752K, reserved 1073152K
  class space    used 2956K, capacity 3179K, committed 3200K, reserved 1048576K
}
Event: 2.433 GC heap before
{Heap before GC invocations=6 (full 0):
 garbage-first heap   total 157696K, used 70017K [0x0000000081400000, 0x0000000100000000)
  region size 1024K, 61 young (62464K), 1 survivors (1024K)
 Metaspace       used 26080K, capacity 26573K, committed 26752K, reserved 1073152K
  class space    used 2957K, capacity 3181K, committed 3200K, reserved 1048576K
}
Event: 2.433 GC heap after
{Heap after GC invocations=7 (full 0):
 garbage-first heap   total 157696K, used 8152K [0x0000000081400000, 0x0000000100000000)
  region size 1024K, 1 young (1024K), 1 survivors (1024K)
 Metaspace       used 26080K, capacity 26573K, committed 26752K, reserved 1073152K
  class space    used 2957K, capacity 3181K, committed 3200K, reserved 1048576K
}

