# JRE version: Java(TM) SE Runtime Environment (11.0.2+9) (build 11.0.2+9-LTS)
# Java VM: Java HotSpot(TM) 64-Bit Server VM (11.0.2+9-LTS, mixed mode, tiered, compressed oops, g1 gc, windows-amd64)
Heap:
 garbage-first heap   total 157696K, used 80183K [0x0000000081400000, 0x0000000100000000)
  region size 1024K, 69 young (70656K), 4 survivors (4096K)
 Metaspace       used 32740K, capacity 33329K, committed 33408K, reserved 1079296K
  class space    used 3621K, capacity 3901K, committed 3968K, reserved 1048576K
GC Heap History (10 events):
Event: 0.776 GC heap before
{Heap before GC invocations=0 (full 0):
 garbage-first heap   total 131072K, used 13312K [0x0000000081400000, 0x0000000100000000)
  region size 1024K, 14 young (14336K), 0 survivors (0K)
 Metaspace       used 17982K, capacity 18443K, committed 18560K, reserved 1064960K
  class space    used 1967K, capacity 2157K, committed 2176K, reserved 1048576K
}
Event: 0.781 GC heap after
{Heap after GC invocations=1 (full 0):
 garbage-first heap   total 131072K, used 3672K [0x0000000081400000, 0x0000000100000000)
  region size 1024K, 2 young (2048K), 2 survivors (2048K)
 Metaspace       used 17982K, capacity 18443K, committed 18560K, reserved 1064960K
  class space    used 1967K, capacity 2157K, committed 2176K, reserved 1048576K
}
Event: 0.940 GC heap before
{Heap before GC invocations=1 (full 0):
 garbage-first heap   total 131072K, used 7768K [0x0000000081400000, 0x0000000100000000)
  region size 1024K, 7 young (7168K), 2 survivors (2048K)
 Metaspace       used 20754K, capacity 21187K, committed 21248K, reserved 1069056K
  class space    used 2300K, capacity 2517K, committed 2560K, reserved 1048576K
}
Event: 0.944 GC heap after
{Heap after GC invocations=2 (full 0):
 garbage-first heap   total 131072K, used 4874K [0x0000000081400000, 0x0000000100000000)
  region size 1024K, 4 young (4096K), 4 survivors (4096K)
 Metaspace       used 20754K, capacity 21187K, committed 21248K, reserved 1069056K
  class space    used 2300K, capacity 2517K, committed 2560K, reserved 1048576K
}
Event: 1.254 GC heap before
{Heap before GC invocations=3 (full 0):
 garbage-first heap   total 131072K, used 15114K [0x0000000081400000, 0x0000000100000000)
  region size 1024K, 14 young (14336K), 4 survivors (4096K)
 Metaspace       used 24560K, capacity 24994K, committed 25088K, reserved 1071104K
  class space    used 2785K, capacity 2978K, committed 3072K, reserved 1048576K
}
Event: 1.260 GC heap after
{Heap after GC invocations=4 (full 0):
 garbage-first heap   total 131072K, used 6946K [0x0000000081400000, 0x0000000100000000)
  region size 1024K, 2 young (2048K), 2 survivors (2048K)
 Metaspace       used 24560K, capacity 24994K, committed 25088K, reserved 1071104K
  class space    used 2785K, capacity 2978K, committed 3072K, reserved 1048576K
}
Event: 1.727 GC heap before
{Heap before GC invocations=4 (full 0):
 garbage-first heap   total 131072K, used 49954K [0x0000000081400000, 0x0000000100000000)
  region size 1024K, 44 young (45056K), 2 survivors (2048K)
 Metaspace       used 25944K, capacity 26435K, committed 26496K, reserved 1073152K
  class space    used 2954K, capacity 3179K, committed 3200K, reserved 1048576K
}
Event: 1.734 GC heap after
{Heap after GC invocations=5 (full 0):
 garbage-first heap   total 131072K, used 8063K [0x0000000081400000, 0x0000000100000000)
  region size 1024K, 4 young (4096K), 4 survivors (4096K)
 Metaspace       used 25944K, capacity 26435K, committed 26496K, reserved 1073152K
  class space    used 2954K, capacity 3179K, committed 3200K, reserved 1048576K
}
Event: 1.975 GC heap before
{Heap before GC invocations=5 (full 0):
 garbage-first heap   total 131072K, used 65407K [0x0000000081400000, 0x0000000100000000)
  region size 1024K, 60 young (61440K), 4 survivors (4096K)
 Metaspace       used 26015K, capacity 26508K, committed 26752K, reserved 1073152K
  class space    used 2957K, capacity 3181K, committed 3200K, reserved 1048576K
}
Event: 1.980 GC heap after
{Heap after GC invocations=6 (full 0):
 garbage-first heap   total 157696K, used 8503K [0x0000000081400000, 0x0000000100000000)
  region size 1024K, 4 young (4096K), 4 survivors (4096K)
 Metaspace       used 26015K, capacity 26508K, committed 26752K, reserved 1073152K
  class space    used 2957K, capacity 3181K, committed 3200K, reserved 1048576K
}

